Exporter version: 5.5.0, Blender version: 2.79 (sub 0)
========= Conversion from Blender to Babylon.js =========
	Scene settings used:
		selected layers only:  false
		flat shading entire scene:  true
		inline textures:  false
		texture directory:  C:\Users\USER\Desktop\PROGRAMOWANIE\DefendTheBase\assets\
	Python World class constructor completed
	processing begun of mesh:  Cube
		processing begun of Standard material:  Material
		num positions      :  36
		num normals        :  36
		num uvs            :  0
		num uvs2           :  0
		num colors         :  0
		num indices        :  36
	processing begun of mesh:  Cube.001
		animation processing begun
			processing action Cube.001Action:  in[0 - 301], out[0 - 301]
		processing begun of Standard material:  Material.001
		num positions      :  36
		num normals        :  36
		num uvs            :  0
		num uvs2           :  0
		num colors         :  0
		num indices        :  36
	processing begun of camera (UniversalCamera):  Camera
	processing begun of light (POINT):  Lamp
========= Writing of scene file started =========
========= Writing of scene file completed =========
========= end of processing =========
elapsed time:  0 min, 0.014 secs
