Exporter version: 5.5.0, Blender version: 2.79 (sub 0)
========= Conversion from Blender to Babylon.js =========
	Scene settings used:
		selected layers only:  false
		flat shading entire scene:  true
		inline textures:  false
		texture directory:  C:\Users\USER\Desktop\PROGRAMOWANIE\DefendTheBase\assets\
	Python World class constructor completed
	processing begun of mesh:  Sphere
		animation processing begun
			processing action SphereAction.001:  in[1 - 240], out[0 - 240]
		WARNING: No materials have been assigned: 
		num positions      :  132
		num normals        :  132
		num uvs            :  0
		num uvs2           :  0
		num colors         :  0
		num indices        :  132
	processing begun of mesh:  Altar
		processing begun of Standard material:  Material
		num positions      :  36
		num normals        :  36
		num uvs            :  0
		num uvs2           :  0
		num colors         :  0
		num indices        :  36
	processing begun of mesh:  pillarBase
		WARNING: No materials have been assigned: 
		num positions      :  84
		num normals        :  84
		num uvs            :  0
		num uvs2           :  0
		num colors         :  0
		num indices        :  84
	processing begun of mesh:  sidePillar2
		processing begun of Standard material:  Material.004
		num positions      :  30
		num normals        :  30
		num uvs            :  0
		num uvs2           :  0
		num colors         :  0
		num indices        :  30
	processing begun of mesh:  sidePillar3
		processing begun of Standard material:  Material.003
		num positions      :  12
		num normals        :  12
		num uvs            :  0
		num uvs2           :  0
		num colors         :  0
		num indices        :  12
	processing begun of mesh:  sidePillar4
		processing begun of Standard material:  Material.002
		num positions      :  24
		num normals        :  24
		num uvs            :  0
		num uvs2           :  0
		num colors         :  0
		num indices        :  24
	processing begun of mesh:  sidePillar1
		processing begun of Standard material:  Material.001
		num positions      :  18
		num normals        :  18
		num uvs            :  0
		num uvs2           :  0
		num colors         :  0
		num indices        :  18
	processing begun of camera (UniversalCamera):  Camera
	processing begun of light (POINT):  Lamp
========= Writing of scene file started =========
========= Writing of scene file completed =========
========= end of processing =========
elapsed time:  0 min, 0.039 secs
