Exporter version: 5.5.0, Blender version: 2.79 (sub 0)
========= Conversion from Blender to Babylon.js =========
	Scene settings used:
		selected layers only:  false
		flat shading entire scene:  false
		inline textures:  false
		texture directory:  C:\Users\USER\Desktop\PROGRAMOWANIE\DefendTheBase\assets\
	Python World class constructor completed
	WARNING: No active camera has been assigned, or is not in a currently selected Blender layer
	processing begun of mesh:  Bomb
		animation processing begun
			WARNING: action BombAction has no frames, ignored.
			WARNING: action BombAction.001 has no frames, ignored.
			WARNING: action BombAction.002 has no frames, ignored.
			processing action BombAction.003:  in[0 - 250], out[0 - 250]
		WARNING: No materials have been assigned: 
		num positions      :  598
		num normals        :  598
		num uvs            :  0
		num uvs2           :  0
		num colors         :  0
		num indices        :  3552
========= Writing of scene file started =========
========= Writing of scene file completed =========
========= end of processing =========
elapsed time:  0 min, 0.105 secs
