Exporter version: 5.5.0, Blender version: 2.79 (sub 0)
========= Conversion from Blender to Babylon.js =========
	Scene settings used:
		selected layers only:  false
		flat shading entire scene:  false
		inline textures:  false
		texture directory:  C:\Users\USER\Desktop\PROGRAMOWANIE\DefendTheBase\assets\
	Python World class constructor completed
	processing begun of mesh:  Icosphere.001
		processing begun of Standard material:  Material.003
		processing begun of Standard material:  Material.005
		processing begun of Standard material:  Material.001
		processing begun of Standard material:  Material.002
		processing begun of Standard material:  Material.004
		processing begun of Standard material:  Material
		processing begun of multimaterial:  Bush2.Multimaterial#0
		num positions      :  409
		num normals        :  409
		num uvs            :  0
		num uvs2           :  0
		num colors         :  0
		num indices        :  2382
	processing begun of camera (UniversalCamera):  Camera
	processing begun of light (POINT):  Lamp
========= Writing of scene file started =========
========= Writing of scene file completed =========
========= end of processing =========
elapsed time:  0 min, 0.2165 secs
