Exporter version: 5.5.0, Blender version: 2.79 (sub 0)
========= Conversion from Blender to Babylon.js =========
	Scene settings used:
		selected layers only:  false
		flat shading entire scene:  false
		inline textures:  false
		texture directory:  C:\Users\USER\Desktop\PROGRAMOWANIE\DefendTheBase\assets\
	Python World class constructor completed
	processing begun of mesh:  Enemy
		processing begun of Standard material:  Material
		num positions      :  8
		num normals        :  8
		num uvs            :  0
		num uvs2           :  0
		num colors         :  0
		num indices        :  36
	processing begun of camera (UniversalCamera):  Camera
	processing begun of light (POINT):  Lamp
========= Writing of scene file started =========
========= Writing of scene file completed =========
========= end of processing =========
elapsed time:  0 min, 0.0065 secs
