Exporter version: 5.5.0, Blender version: 2.79 (sub 0)
========= Conversion from Blender to Babylon.js =========
	Scene settings used:
		selected layers only:  false
		flat shading entire scene:  true
		inline textures:  false
		texture directory:  C:\Users\USER\Desktop\PROGRAMOWANIE\DefendTheBase\assets\
	Python World class constructor completed
	processing begun of skeleton:  Armature, id:  0
		processing begun of bone:  Bone.001, index:  0
		processing begun of bone:  Bone.002, index:  1
		processing begun of bone:  Bone.003, index:  2
		processing begun of bone:  Bone.016, index:  3
		processing begun of bone:  Bone.038, index:  4
		processing begun of bone:  Bone.017, index:  5
		processing begun of bone:  Bone.018, index:  6
		processing begun of bone:  Bone.027, index:  7
		processing begun of bone:  Bone.026, index:  8
		processing begun of bone:  Bone.014, index:  9
		processing begun of bone:  Bone.015, index:  10
		processing begun of bone:  Bone, index:  11
		processing begun of bone:  Bone.007, index:  12
		processing begun of bone:  Bone.004, index:  13
		processing begun of bone:  Bone.005, index:  14
		processing begun of bone:  Bone.006, index:  15
		processing begun of bone:  Bone.025, index:  16
		processing begun of bone:  Bone.019, index:  17
		processing begun of bone:  Bone.020, index:  18
		processing begun of bone:  Bone.021, index:  19
		processing action KickingAttackAnimation:  in[0 - 40], out[0 - 40]
		processing action PunchingAttackAnimation:  in[0 - 80], out[50 - 130]
		processing action WalkingAnimation:  in[0 - 80], out[140 - 220]
	processing begun of mesh:  Body
		animation processing begun
			processing action PunchingAttackAnimation:  in[0 - 80], out[0 - 80]
		processing begun of Standard material:  Material
		num positions      :  3168
		num normals        :  3168
		num uvs            :  0
		num uvs2           :  0
		num colors         :  0
		num indices        :  3168
		Skeleton stats:  
			WARNING: Maximum # of influencers exceeded for 12 vertices, extras ignored
			Total Influencers:  9273
			Avg # of influencers per vertex:  2.9271
			Highest # of influencers observed:  9, num vertices with this:  12
			exported as 8 influencers
			num skeletonWeights and skeletonIndices:  25344
	Mesh: Body has un-applied transformations.  This will never work for a mesh with an armature.  Export cancelled
========= end of processing =========
elapsed time:  0 min, 0.6248 secs
