Exporter version: 5.5.0, Blender version: 2.79 (sub 0)
========= Conversion from Blender to Babylon.js =========
	Scene settings used:
		selected layers only:  false
		flat shading entire scene:  false
		inline textures:  false
		texture directory:  C:\Users\USER\Desktop\PROGRAMOWANIE\Blender Assets\
	Python World class constructor completed
	processing begun of mesh:  Icosphere.004
		processing begun of Standard material:  Material.003
		num positions      :  27
		num normals        :  27
		num uvs            :  0
		num uvs2           :  0
		num colors         :  0
		num indices        :  150
	processing begun of mesh:  Icosphere.003
		processing begun of Standard material:  Material.002
		num positions      :  27
		num normals        :  27
		num uvs            :  0
		num uvs2           :  0
		num colors         :  0
		num indices        :  150
	processing begun of mesh:  Icosphere.002
		processing begun of Standard material:  Material.001
		num positions      :  27
		num normals        :  27
		num uvs            :  0
		num uvs2           :  0
		num colors         :  0
		num indices        :  150
	processing begun of mesh:  Icosphere.001
		processing begun of Standard material:  Material.004
		num positions      :  27
		num normals        :  27
		num uvs            :  0
		num uvs2           :  0
		num colors         :  0
		num indices        :  150
	processing begun of mesh:  Icosphere
		processing begun of Standard material:  Material.005
		num positions      :  27
		num normals        :  27
		num uvs            :  0
		num uvs2           :  0
		num colors         :  0
		num indices        :  150
	processing begun of mesh:  Cube
		processing begun of Standard material:  Material
		num positions      :  149
		num normals        :  149
		num uvs            :  0
		num uvs2           :  0
		num colors         :  0
		num indices        :  873
		WARNING: # of 0 area faces found:  36
	processing begun of camera (UniversalCamera):  Camera
	processing begun of light (POINT):  Lamp
========= Writing of scene file started =========
========= Writing of scene file completed =========
========= end of processing =========
elapsed time:  0 min, 0.0897 secs
